{"/Users/malekmliki/Desktop/SoniqTest/src/api/ApiConstants.ts": {"path":"/Users/malekmliki/Desktop/SoniqTest/src/api/ApiConstants.ts","statementMap":{"0":{"start":{"line":2,"column":21},"end":{"line":6,"column":1}}},"fnMap":{},"branchMap":{},"s":{"0":1},"f":{},"b":{},"_coverageSchema":"1a1c01bbd47fc00a2c39e90264f33305004495a9","hash":"118e4af22751c755f0c06d9783261b8f7b3eb1d1"}
,"/Users/malekmliki/Desktop/SoniqTest/src/api/Client.ts": {"path":"/Users/malekmliki/Desktop/SoniqTest/src/api/Client.ts","statementMap":{"0":{"start":{"line":5,"column":25},"end":{"line":15,"column":1}},"1":{"start":{"line":6,"column":17},"end":{"line":9,"column":3}},"2":{"start":{"line":10,"column":12},"end":{"line":10,"column":66}},"3":{"start":{"line":11,"column":2},"end":{"line":14,"column":4}},"4":{"start":{"line":16,"column":32},"end":{"line":19,"column":1}},"5":{"start":{"line":17,"column":17},"end":{"line":17,"column":79}},"6":{"start":{"line":18,"column":2},"end":{"line":18,"column":14}},"7":{"start":{"line":21,"column":34},"end":{"line":27,"column":1}},"8":{"start":{"line":22,"column":17},"end":{"line":25,"column":3}},"9":{"start":{"line":26,"column":2},"end":{"line":26,"column":14}}},"fnMap":{"0":{"name":"(anonymous_0)","decl":{"start":{"line":5,"column":25},"end":{"line":5,"column":26}},"loc":{"start":{"line":5,"column":54},"end":{"line":15,"column":1}},"line":5},"1":{"name":"(anonymous_1)","decl":{"start":{"line":16,"column":32},"end":{"line":16,"column":33}},"loc":{"start":{"line":16,"column":59},"end":{"line":19,"column":1}},"line":16},"2":{"name":"(anonymous_2)","decl":{"start":{"line":21,"column":34},"end":{"line":21,"column":35}},"loc":{"start":{"line":21,"column":79},"end":{"line":27,"column":1}},"line":21}},"branchMap":{"0":{"loc":{"start":{"line":7,"column":10},"end":{"line":7,"column":35}},"type":"cond-expr","locations":[{"start":{"line":7,"column":22},"end":{"line":7,"column":31}},{"start":{"line":7,"column":34},"end":{"line":7,"column":35}}],"line":7}},"s":{"0":1,"1":1,"2":1,"3":1,"4":1,"5":2,"6":1,"7":1,"8":0,"9":0},"f":{"0":1,"1":2,"2":0},"b":{"0":[1,0]},"_coverageSchema":"1a1c01bbd47fc00a2c39e90264f33305004495a9","hash":"b847cea6a86fe1bf050e22a9aeac9b6a007b36d1"}
,"/Users/malekmliki/Desktop/SoniqTest/src/api/RemoteData.ts": {"path":"/Users/malekmliki/Desktop/SoniqTest/src/api/RemoteData.ts","statementMap":{"0":{"start":{"line":5,"column":15},"end":{"line":12,"column":2}},"1":{"start":{"line":14,"column":12},"end":{"line":23,"column":1}},"2":{"start":{"line":15,"column":17},"end":{"line":20,"column":3}},"3":{"start":{"line":22,"column":2},"end":{"line":22,"column":32}},"4":{"start":{"line":25,"column":13},"end":{"line":38,"column":1}},"5":{"start":{"line":30,"column":17},"end":{"line":36,"column":3}},"6":{"start":{"line":37,"column":2},"end":{"line":37,"column":32}},"7":{"start":{"line":40,"column":12},"end":{"line":48,"column":1}},"8":{"start":{"line":41,"column":17},"end":{"line":46,"column":3}},"9":{"start":{"line":47,"column":2},"end":{"line":47,"column":32}},"10":{"start":{"line":49,"column":14},"end":{"line":57,"column":1}},"11":{"start":{"line":50,"column":17},"end":{"line":55,"column":3}},"12":{"start":{"line":56,"column":2},"end":{"line":56,"column":32}},"13":{"start":{"line":58,"column":15},"end":{"line":66,"column":1}},"14":{"start":{"line":59,"column":17},"end":{"line":64,"column":3}},"15":{"start":{"line":65,"column":2},"end":{"line":65,"column":32}}},"fnMap":{"0":{"name":"(anonymous_0)","decl":{"start":{"line":14,"column":12},"end":{"line":14,"column":13}},"loc":{"start":{"line":14,"column":74},"end":{"line":23,"column":1}},"line":14},"1":{"name":"(anonymous_1)","decl":{"start":{"line":25,"column":13},"end":{"line":25,"column":14}},"loc":{"start":{"line":29,"column":29},"end":{"line":38,"column":1}},"line":29},"2":{"name":"(anonymous_2)","decl":{"start":{"line":40,"column":12},"end":{"line":40,"column":13}},"loc":{"start":{"line":40,"column":72},"end":{"line":48,"column":1}},"line":40},"3":{"name":"(anonymous_3)","decl":{"start":{"line":49,"column":14},"end":{"line":49,"column":15}},"loc":{"start":{"line":49,"column":74},"end":{"line":57,"column":1}},"line":49},"4":{"name":"(anonymous_4)","decl":{"start":{"line":58,"column":15},"end":{"line":58,"column":16}},"loc":{"start":{"line":58,"column":75},"end":{"line":66,"column":1}},"line":58}},"branchMap":{},"s":{"0":1,"1":1,"2":3,"3":3,"4":1,"5":0,"6":0,"7":1,"8":0,"9":0,"10":1,"11":0,"12":0,"13":1,"14":0,"15":0},"f":{"0":3,"1":0,"2":0,"3":0,"4":0},"b":{},"_coverageSchema":"1a1c01bbd47fc00a2c39e90264f33305004495a9","hash":"f0f856374ab2681f6056628966887437d909effa"}
,"/Users/malekmliki/Desktop/SoniqTest/src/components/Image.tsx": {"path":"/Users/malekmliki/Desktop/SoniqTest/src/components/Image.tsx","statementMap":{"0":{"start":{"line":10,"column":20},"end":{"line":14,"column":1}},"1":{"start":{"line":11,"column":20},"end":{"line":11,"column":31}},"2":{"start":{"line":12,"column":21},"end":{"line":12,"column":33}},"3":{"start":{"line":16,"column":14},"end":{"line":24,"column":1}},"4":{"start":{"line":17,"column":2},"end":{"line":23,"column":4}}},"fnMap":{"0":{"name":"(anonymous_0)","decl":{"start":{"line":11,"column":11},"end":{"line":11,"column":12}},"loc":{"start":{"line":11,"column":20},"end":{"line":11,"column":31}},"line":11},"1":{"name":"(anonymous_1)","decl":{"start":{"line":12,"column":12},"end":{"line":12,"column":13}},"loc":{"start":{"line":12,"column":21},"end":{"line":12,"column":33}},"line":12},"2":{"name":"(anonymous_2)","decl":{"start":{"line":16,"column":14},"end":{"line":16,"column":15}},"loc":{"start":{"line":16,"column":52},"end":{"line":24,"column":1}},"line":16}},"branchMap":{},"s":{"0":1,"1":1,"2":1,"3":1,"4":1},"f":{"0":1,"1":1,"2":1},"b":{},"_coverageSchema":"1a1c01bbd47fc00a2c39e90264f33305004495a9","hash":"b9a9c77d3ba2368f207e659727155cce5e8c2737"}
,"/Users/malekmliki/Desktop/SoniqTest/src/components/container.tsx": {"path":"/Users/malekmliki/Desktop/SoniqTest/src/components/container.tsx","statementMap":{"0":{"start":{"line":4,"column":24},"end":{"line":7,"column":1}},"1":{"start":{"line":9,"column":53},"end":{"line":11,"column":1}},"2":{"start":{"line":10,"column":2},"end":{"line":10,"column":55}}},"fnMap":{"0":{"name":"(anonymous_0)","decl":{"start":{"line":9,"column":53},"end":{"line":9,"column":54}},"loc":{"start":{"line":9,"column":69},"end":{"line":11,"column":1}},"line":9}},"branchMap":{},"s":{"0":1,"1":1,"2":1},"f":{"0":1},"b":{},"_coverageSchema":"1a1c01bbd47fc00a2c39e90264f33305004495a9","hash":"2c7f48f10a9d4748c62c16e8a2d9781dd4f1373e"}
,"/Users/malekmliki/Desktop/SoniqTest/src/components/genericText.tsx": {"path":"/Users/malekmliki/Desktop/SoniqTest/src/components/genericText.tsx","statementMap":{"0":{"start":{"line":13,"column":19},"end":{"line":19,"column":1}},"1":{"start":{"line":14,"column":24},"end":{"line":14,"column":34}},"2":{"start":{"line":15,"column":21},"end":{"line":15,"column":68}},"3":{"start":{"line":17,"column":27},"end":{"line":17,"column":77}},"4":{"start":{"line":21,"column":20},"end":{"line":27,"column":1}},"5":{"start":{"line":22,"column":2},"end":{"line":26,"column":4}}},"fnMap":{"0":{"name":"(anonymous_0)","decl":{"start":{"line":14,"column":15},"end":{"line":14,"column":16}},"loc":{"start":{"line":14,"column":24},"end":{"line":14,"column":34}},"line":14},"1":{"name":"(anonymous_1)","decl":{"start":{"line":15,"column":11},"end":{"line":15,"column":12}},"loc":{"start":{"line":15,"column":21},"end":{"line":15,"column":68}},"line":15},"2":{"name":"(anonymous_2)","decl":{"start":{"line":17,"column":17},"end":{"line":17,"column":18}},"loc":{"start":{"line":17,"column":27},"end":{"line":17,"column":77}},"line":17},"3":{"name":"(anonymous_3)","decl":{"start":{"line":21,"column":20},"end":{"line":21,"column":21}},"loc":{"start":{"line":21,"column":72},"end":{"line":27,"column":1}},"line":21}},"branchMap":{"0":{"loc":{"start":{"line":15,"column":21},"end":{"line":15,"column":68}},"type":"cond-expr","locations":[{"start":{"line":15,"column":53},"end":{"line":15,"column":58}},{"start":{"line":15,"column":61},"end":{"line":15,"column":68}}],"line":15},"1":{"loc":{"start":{"line":17,"column":27},"end":{"line":17,"column":77}},"type":"cond-expr","locations":[{"start":{"line":17,"column":60},"end":{"line":17,"column":66}},{"start":{"line":17,"column":69},"end":{"line":17,"column":77}}],"line":17},"2":{"loc":{"start":{"line":21,"column":22},"end":{"line":21,"column":31}},"type":"default-arg","locations":[{"start":{"line":21,"column":29},"end":{"line":21,"column":31}}],"line":21},"3":{"loc":{"start":{"line":21,"column":33},"end":{"line":21,"column":42}},"type":"default-arg","locations":[{"start":{"line":21,"column":40},"end":{"line":21,"column":42}}],"line":21}},"s":{"0":3,"1":4,"2":4,"3":4,"4":3,"5":4},"f":{"0":4,"1":4,"2":4,"3":4},"b":{"0":[2,2],"1":[0,4],"2":[0],"3":[0]},"_coverageSchema":"1a1c01bbd47fc00a2c39e90264f33305004495a9","hash":"e5df2e7a97e2da27d3df28b6e262849784632cb4"}
,"/Users/malekmliki/Desktop/SoniqTest/src/components/pressableButton.tsx": {"path":"/Users/malekmliki/Desktop/SoniqTest/src/components/pressableButton.tsx","statementMap":{"0":{"start":{"line":3,"column":24},"end":{"line":8,"column":1}},"1":{"start":{"line":7,"column":31},"end":{"line":7,"column":44}},"2":{"start":{"line":9,"column":19},"end":{"line":12,"column":1}},"3":{"start":{"line":18,"column":24},"end":{"line":26,"column":1}},"4":{"start":{"line":19,"column":2},"end":{"line":25,"column":20}}},"fnMap":{"0":{"name":"(anonymous_0)","decl":{"start":{"line":7,"column":22},"end":{"line":7,"column":23}},"loc":{"start":{"line":7,"column":31},"end":{"line":7,"column":44}},"line":7},"1":{"name":"(anonymous_1)","decl":{"start":{"line":18,"column":24},"end":{"line":18,"column":25}},"loc":{"start":{"line":19,"column":2},"end":{"line":25,"column":20}},"line":19}},"branchMap":{},"s":{"0":1,"1":3,"2":1,"3":1,"4":3},"f":{"0":3,"1":3},"b":{},"_coverageSchema":"1a1c01bbd47fc00a2c39e90264f33305004495a9","hash":"d37c850d7be5436056d4452de3de4d5de7e55ee4"}
,"/Users/malekmliki/Desktop/SoniqTest/src/components/spacing.tsx": {"path":"/Users/malekmliki/Desktop/SoniqTest/src/components/spacing.tsx","statementMap":{"0":{"start":{"line":9,"column":19},"end":{"line":13,"column":1}},"1":{"start":{"line":10,"column":20},"end":{"line":10,"column":31}},"2":{"start":{"line":11,"column":21},"end":{"line":11,"column":33}},"3":{"start":{"line":12,"column":31},"end":{"line":12,"column":52}},"4":{"start":{"line":14,"column":33},"end":{"line":20,"column":1}},"5":{"start":{"line":19,"column":2},"end":{"line":19,"column":65}}},"fnMap":{"0":{"name":"(anonymous_0)","decl":{"start":{"line":10,"column":11},"end":{"line":10,"column":12}},"loc":{"start":{"line":10,"column":20},"end":{"line":10,"column":31}},"line":10},"1":{"name":"(anonymous_1)","decl":{"start":{"line":11,"column":12},"end":{"line":11,"column":13}},"loc":{"start":{"line":11,"column":21},"end":{"line":11,"column":33}},"line":11},"2":{"name":"(anonymous_2)","decl":{"start":{"line":12,"column":22},"end":{"line":12,"column":23}},"loc":{"start":{"line":12,"column":31},"end":{"line":12,"column":52}},"line":12},"3":{"name":"(anonymous_3)","decl":{"start":{"line":14,"column":33},"end":{"line":14,"column":34}},"loc":{"start":{"line":18,"column":6},"end":{"line":20,"column":1}},"line":18}},"branchMap":{"0":{"loc":{"start":{"line":17,"column":2},"end":{"line":17,"column":27}},"type":"default-arg","locations":[{"start":{"line":17,"column":20},"end":{"line":17,"column":27}}],"line":17}},"s":{"0":1,"1":1,"2":1,"3":1,"4":1,"5":1},"f":{"0":1,"1":1,"2":1,"3":1},"b":{"0":[0]},"_coverageSchema":"1a1c01bbd47fc00a2c39e90264f33305004495a9","hash":"fc596329f1bacd3a0b10e4e3e77e6f451392a75d"}
,"/Users/malekmliki/Desktop/SoniqTest/src/utils/layout.tsx": {"path":"/Users/malekmliki/Desktop/SoniqTest/src/utils/layout.tsx","statementMap":{"0":{"start":{"line":3,"column":53},"end":{"line":3,"column":77}},"1":{"start":{"line":13,"column":30},"end":{"line":19,"column":1}},"2":{"start":{"line":14,"column":2},"end":{"line":18,"column":3}},"3":{"start":{"line":15,"column":4},"end":{"line":15,"column":45}},"4":{"start":{"line":17,"column":4},"end":{"line":17,"column":70}},"5":{"start":{"line":29,"column":31},"end":{"line":35,"column":1}},"6":{"start":{"line":30,"column":2},"end":{"line":34,"column":3}},"7":{"start":{"line":31,"column":4},"end":{"line":31,"column":46}},"8":{"start":{"line":33,"column":4},"end":{"line":33,"column":71}}},"fnMap":{"0":{"name":"(anonymous_0)","decl":{"start":{"line":13,"column":30},"end":{"line":13,"column":31}},"loc":{"start":{"line":13,"column":71},"end":{"line":19,"column":1}},"line":13},"1":{"name":"(anonymous_1)","decl":{"start":{"line":29,"column":31},"end":{"line":29,"column":32}},"loc":{"start":{"line":29,"column":72},"end":{"line":35,"column":1}},"line":29}},"branchMap":{"0":{"loc":{"start":{"line":14,"column":2},"end":{"line":18,"column":3}},"type":"if","locations":[{"start":{"line":14,"column":2},"end":{"line":18,"column":3}},{"start":{"line":16,"column":9},"end":{"line":18,"column":3}}],"line":14},"1":{"loc":{"start":{"line":30,"column":2},"end":{"line":34,"column":3}},"type":"if","locations":[{"start":{"line":30,"column":2},"end":{"line":34,"column":3}},{"start":{"line":32,"column":9},"end":{"line":34,"column":3}}],"line":30}},"s":{"0":1,"1":1,"2":1,"3":1,"4":0,"5":1,"6":1,"7":1,"8":0},"f":{"0":1,"1":1},"b":{"0":[1,0],"1":[1,0]},"_coverageSchema":"1a1c01bbd47fc00a2c39e90264f33305004495a9","hash":"d48b280cd646d6c0ac66ad840f0680a0c1db7521"}
}
